Analysis & Synthesis report for calculadoraVHDL
Wed Apr 17 18:39:17 2019
Quartus II 64-Bit Version 13.0.0 Build 156 04/24/2013 SJ Web Edition


---------------------
; Table of Contents ;
---------------------
  1. Legal Notice
  2. Analysis & Synthesis Summary
  3. Analysis & Synthesis Settings
  4. Parallel Compilation
  5. Analysis & Synthesis Source Files Read
  6. Analysis & Synthesis Resource Usage Summary
  7. Analysis & Synthesis Resource Utilization by Entity
  8. User-Specified and Inferred Latches
  9. General Register Statistics
 10. Port Connectivity Checks: "subtracao:SB|diferenca:SUB0"
 11. Port Connectivity Checks: "subtracao:SB"
 12. Port Connectivity Checks: "soma:SO|somador:S0"
 13. Port Connectivity Checks: "soma:SO"
 14. Elapsed Time Per Partition
 15. Analysis & Synthesis Messages



----------------
; Legal Notice ;
----------------
Copyright (C) 1991-2013 Altera Corporation
Your use of Altera Corporation's design tools, logic functions 
and other software and tools, and its AMPP partner logic 
functions, and any output files from any of the foregoing 
(including device programming or simulation files), and any 
associated documentation or information are expressly subject 
to the terms and conditions of the Altera Program License 
Subscription Agreement, Altera MegaCore Function License 
Agreement, or other applicable license agreement, including, 
without limitation, that your use is for the sole purpose of 
programming logic devices manufactured by Altera and sold by 
Altera or its authorized distributors.  Please refer to the 
applicable agreement for further details.



+---------------------------------------------------------------------------------+
; Analysis & Synthesis Summary                                                    ;
+------------------------------------+--------------------------------------------+
; Analysis & Synthesis Status        ; Successful - Wed Apr 17 18:39:17 2019      ;
; Quartus II 64-Bit Version          ; 13.0.0 Build 156 04/24/2013 SJ Web Edition ;
; Revision Name                      ; calculadoraVHDL                            ;
; Top-level Entity Name              ; calculadora                                ;
; Family                             ; Cyclone II                                 ;
; Total logic elements               ; 48                                         ;
;     Total combinational functions  ; 48                                         ;
;     Dedicated logic registers      ; 0                                          ;
; Total registers                    ; 0                                          ;
; Total pins                         ; 20                                         ;
; Total virtual pins                 ; 0                                          ;
; Total memory bits                  ; 0                                          ;
; Embedded Multiplier 9-bit elements ; 0                                          ;
; Total PLLs                         ; 0                                          ;
+------------------------------------+--------------------------------------------+


+----------------------------------------------------------------------------------------------------------------------+
; Analysis & Synthesis Settings                                                                                        ;
+----------------------------------------------------------------------------+--------------------+--------------------+
; Option                                                                     ; Setting            ; Default Value      ;
+----------------------------------------------------------------------------+--------------------+--------------------+
; Device                                                                     ; EP2C35F672C6       ;                    ;
; Top-level entity name                                                      ; calculadora        ; calculadoraVHDL    ;
; Family name                                                                ; Cyclone II         ; Cyclone IV GX      ;
; Use smart compilation                                                      ; Off                ; Off                ;
; Enable parallel Assembler and TimeQuest Timing Analyzer during compilation ; On                 ; On                 ;
; Enable compact report table                                                ; Off                ; Off                ;
; Restructure Multiplexers                                                   ; Auto               ; Auto               ;
; Create Debugging Nodes for IP Cores                                        ; Off                ; Off                ;
; Preserve fewer node names                                                  ; On                 ; On                 ;
; Disable OpenCore Plus hardware evaluation                                  ; Off                ; Off                ;
; Verilog Version                                                            ; Verilog_2001       ; Verilog_2001       ;
; VHDL Version                                                               ; VHDL_1993          ; VHDL_1993          ;
; State Machine Processing                                                   ; Auto               ; Auto               ;
; Safe State Machine                                                         ; Off                ; Off                ;
; Extract Verilog State Machines                                             ; On                 ; On                 ;
; Extract VHDL State Machines                                                ; On                 ; On                 ;
; Ignore Verilog initial constructs                                          ; Off                ; Off                ;
; Iteration limit for constant Verilog loops                                 ; 5000               ; 5000               ;
; Iteration limit for non-constant Verilog loops                             ; 250                ; 250                ;
; Add Pass-Through Logic to Inferred RAMs                                    ; On                 ; On                 ;
; Infer RAMs from Raw Logic                                                  ; On                 ; On                 ;
; Parallel Synthesis                                                         ; On                 ; On                 ;
; DSP Block Balancing                                                        ; Auto               ; Auto               ;
; NOT Gate Push-Back                                                         ; On                 ; On                 ;
; Power-Up Don't Care                                                        ; On                 ; On                 ;
; Remove Redundant Logic Cells                                               ; Off                ; Off                ;
; Remove Duplicate Registers                                                 ; On                 ; On                 ;
; Ignore CARRY Buffers                                                       ; Off                ; Off                ;
; Ignore CASCADE Buffers                                                     ; Off                ; Off                ;
; Ignore GLOBAL Buffers                                                      ; Off                ; Off                ;
; Ignore ROW GLOBAL Buffers                                                  ; Off                ; Off                ;
; Ignore LCELL Buffers                                                       ; Off                ; Off                ;
; Ignore SOFT Buffers                                                        ; On                 ; On                 ;
; Limit AHDL Integers to 32 Bits                                             ; Off                ; Off                ;
; Optimization Technique                                                     ; Balanced           ; Balanced           ;
; Carry Chain Length                                                         ; 70                 ; 70                 ;
; Auto Carry Chains                                                          ; On                 ; On                 ;
; Auto Open-Drain Pins                                                       ; On                 ; On                 ;
; Perform WYSIWYG Primitive Resynthesis                                      ; Off                ; Off                ;
; Auto ROM Replacement                                                       ; On                 ; On                 ;
; Auto RAM Replacement                                                       ; On                 ; On                 ;
; Auto Shift Register Replacement                                            ; Auto               ; Auto               ;
; Allow Shift Register Merging across Hierarchies                            ; Auto               ; Auto               ;
; Auto Clock Enable Replacement                                              ; On                 ; On                 ;
; Strict RAM Replacement                                                     ; Off                ; Off                ;
; Allow Synchronous Control Signals                                          ; On                 ; On                 ;
; Force Use of Synchronous Clear Signals                                     ; Off                ; Off                ;
; Auto RAM to Logic Cell Conversion                                          ; Off                ; Off                ;
; Auto Resource Sharing                                                      ; Off                ; Off                ;
; Allow Any RAM Size For Recognition                                         ; Off                ; Off                ;
; Allow Any ROM Size For Recognition                                         ; Off                ; Off                ;
; Allow Any Shift Register Size For Recognition                              ; Off                ; Off                ;
; Use LogicLock Constraints during Resource Balancing                        ; On                 ; On                 ;
; Ignore translate_off and synthesis_off directives                          ; Off                ; Off                ;
; Timing-Driven Synthesis                                                    ; Off                ; Off                ;
; Report Parameter Settings                                                  ; On                 ; On                 ;
; Report Source Assignments                                                  ; On                 ; On                 ;
; Report Connectivity Checks                                                 ; On                 ; On                 ;
; Ignore Maximum Fan-Out Assignments                                         ; Off                ; Off                ;
; Synchronization Register Chain Length                                      ; 2                  ; 2                  ;
; PowerPlay Power Optimization                                               ; Normal compilation ; Normal compilation ;
; HDL message level                                                          ; Level2             ; Level2             ;
; Suppress Register Optimization Related Messages                            ; Off                ; Off                ;
; Number of Removed Registers Reported in Synthesis Report                   ; 5000               ; 5000               ;
; Number of Swept Nodes Reported in Synthesis Report                         ; 5000               ; 5000               ;
; Number of Inverted Registers Reported in Synthesis Report                  ; 100                ; 100                ;
; Clock MUX Protection                                                       ; On                 ; On                 ;
; Auto Gated Clock Conversion                                                ; Off                ; Off                ;
; Block Design Naming                                                        ; Auto               ; Auto               ;
; SDC constraint protection                                                  ; Off                ; Off                ;
; Synthesis Effort                                                           ; Auto               ; Auto               ;
; Shift Register Replacement - Allow Asynchronous Clear Signal               ; On                 ; On                 ;
; Pre-Mapping Resynthesis Optimization                                       ; Off                ; Off                ;
; Analysis & Synthesis Message Level                                         ; Medium             ; Medium             ;
; Disable Register Merging Across Hierarchies                                ; Auto               ; Auto               ;
; Resource Aware Inference For Block RAM                                     ; On                 ; On                 ;
; Synthesis Seed                                                             ; 1                  ; 1                  ;
+----------------------------------------------------------------------------+--------------------+--------------------+


Parallel compilation was disabled, but you have multiple processors available. Enable parallel compilation to reduce compilation time.
+-------------------------------------+
; Parallel Compilation                ;
+----------------------------+--------+
; Processors                 ; Number ;
+----------------------------+--------+
; Number detected on machine ; 4      ;
; Maximum allowed            ; 1      ;
+----------------------------+--------+


+--------------------------------------------------------------------------------------------------------------------------------+
; Analysis & Synthesis Source Files Read                                                                                         ;
+----------------------------------+-----------------+-----------------+-----------------------------------------------+---------+
; File Name with User-Entered Path ; Used in Netlist ; File Type       ; File Name with Absolute Path                  ; Library ;
+----------------------------------+-----------------+-----------------+-----------------------------------------------+---------+
; somador.vhd                      ; yes             ; User VHDL File  ; C:/altera/13.0/Projeto 1/somador.vhd          ;         ;
; multiplexador.vhd                ; yes             ; User VHDL File  ; C:/altera/13.0/Projeto 1/multiplexador.vhd    ;         ;
; soma.vhd                         ; yes             ; User VHDL File  ; C:/altera/13.0/Projeto 1/soma.vhd             ;         ;
; diferenca.vhd                    ; yes             ; User VHDL File  ; C:/altera/13.0/Projeto 1/diferenca.vhd        ;         ;
; subtracao.vhd                    ; yes             ; User VHDL File  ; C:/altera/13.0/Projeto 1/subtracao.vhd        ;         ;
; inversor.vhd                     ; yes             ; User VHDL File  ; C:/altera/13.0/Projeto 1/inversor.vhd         ;         ;
; inverte.vhd                      ; yes             ; User VHDL File  ; C:/altera/13.0/Projeto 1/inverte.vhd          ;         ;
; maior.vhd                        ; yes             ; User VHDL File  ; C:/altera/13.0/Projeto 1/maior.vhd            ;         ;
; menor.vhd                        ; yes             ; User VHDL File  ; C:/altera/13.0/Projeto 1/menor.vhd            ;         ;
; calculadora.vhd                  ; yes             ; User VHDL File  ; C:/altera/13.0/Projeto 1/calculadora.vhd      ;         ;
; conversorDisplay.vhd             ; yes             ; User VHDL File  ; C:/altera/13.0/Projeto 1/conversorDisplay.vhd ;         ;
+----------------------------------+-----------------+-----------------+-----------------------------------------------+---------+


+-----------------------------------------------------+
; Analysis & Synthesis Resource Usage Summary         ;
+---------------------------------------------+-------+
; Resource                                    ; Usage ;
+---------------------------------------------+-------+
; Estimated Total logic elements              ; 48    ;
;                                             ;       ;
; Total combinational functions               ; 48    ;
; Logic element usage by number of LUT inputs ;       ;
;     -- 4 input functions                    ; 33    ;
;     -- 3 input functions                    ; 14    ;
;     -- <=2 input functions                  ; 1     ;
;                                             ;       ;
; Logic elements by mode                      ;       ;
;     -- normal mode                          ; 48    ;
;     -- arithmetic mode                      ; 0     ;
;                                             ;       ;
; Total registers                             ; 0     ;
;     -- Dedicated logic registers            ; 0     ;
;     -- I/O registers                        ; 0     ;
;                                             ;       ;
; I/O pins                                    ; 20    ;
; Embedded Multiplier 9-bit elements          ; 0     ;
; Maximum fan-out node                        ; s2    ;
; Maximum fan-out                             ; 8     ;
; Total fan-out                               ; 184   ;
; Average fan-out                             ; 2.71  ;
+---------------------------------------------+-------+


+--------------------------------------------------------------------------------------------------------------------------------------------------------------------------------------------------+
; Analysis & Synthesis Resource Utilization by Entity                                                                                                                                              ;
+----------------------------+-------------------+--------------+-------------+--------------+---------+-----------+------+--------------+------------------------------------------+--------------+
; Compilation Hierarchy Node ; LC Combinationals ; LC Registers ; Memory Bits ; DSP Elements ; DSP 9x9 ; DSP 18x18 ; Pins ; Virtual Pins ; Full Hierarchy Name                      ; Library Name ;
+----------------------------+-------------------+--------------+-------------+--------------+---------+-----------+------+--------------+------------------------------------------+--------------+
; |calculadora               ; 48 (0)            ; 0 (0)        ; 0           ; 0            ; 0       ; 0         ; 20   ; 0            ; |calculadora                             ;              ;
;    |conversorDisplay:CVR|  ; 16 (16)           ; 0 (0)        ; 0           ; 0            ; 0       ; 0         ; 0    ; 0            ; |calculadora|conversorDisplay:CVR        ;              ;
;    |maior:MA|              ; 2 (2)             ; 0 (0)        ; 0           ; 0            ; 0       ; 0         ; 0    ; 0            ; |calculadora|maior:MA                    ;              ;
;    |menor:ME|              ; 1 (0)             ; 0 (0)        ; 0           ; 0            ; 0       ; 0         ; 0    ; 0            ; |calculadora|menor:ME                    ;              ;
;       |maior:ME|           ; 1 (1)             ; 0 (0)        ; 0           ; 0            ; 0       ; 0         ; 0    ; 0            ; |calculadora|menor:ME|maior:ME           ;              ;
;    |multiplexador:MTP|     ; 21 (21)           ; 0 (0)        ; 0           ; 0            ; 0       ; 0         ; 0    ; 0            ; |calculadora|multiplexador:MTP           ;              ;
;    |soma:SO|               ; 4 (0)             ; 0 (0)        ; 0           ; 0            ; 0       ; 0         ; 0    ; 0            ; |calculadora|soma:SO                     ;              ;
;       |somador:S1|         ; 2 (2)             ; 0 (0)        ; 0           ; 0            ; 0       ; 0         ; 0    ; 0            ; |calculadora|soma:SO|somador:S1          ;              ;
;       |somador:S2|         ; 1 (1)             ; 0 (0)        ; 0           ; 0            ; 0       ; 0         ; 0    ; 0            ; |calculadora|soma:SO|somador:S2          ;              ;
;       |somador:S3|         ; 1 (1)             ; 0 (0)        ; 0           ; 0            ; 0       ; 0         ; 0    ; 0            ; |calculadora|soma:SO|somador:S3          ;              ;
;    |subtracao:SB|          ; 4 (0)             ; 0 (0)        ; 0           ; 0            ; 0       ; 0         ; 0    ; 0            ; |calculadora|subtracao:SB                ;              ;
;       |diferenca:SUB1|     ; 1 (1)             ; 0 (0)        ; 0           ; 0            ; 0       ; 0         ; 0    ; 0            ; |calculadora|subtracao:SB|diferenca:SUB1 ;              ;
;       |diferenca:SUB2|     ; 2 (2)             ; 0 (0)        ; 0           ; 0            ; 0       ; 0         ; 0    ; 0            ; |calculadora|subtracao:SB|diferenca:SUB2 ;              ;
;       |diferenca:SUB3|     ; 1 (1)             ; 0 (0)        ; 0           ; 0            ; 0       ; 0         ; 0    ; 0            ; |calculadora|subtracao:SB|diferenca:SUB3 ;              ;
+----------------------------+-------------------+--------------+-------------+--------------+---------+-----------+------+--------------+------------------------------------------+--------------+
Note: For table entries with two numbers listed, the numbers in parentheses indicate the number of resources of the given type used by the specific entity alone. The numbers listed outside of parentheses indicate the total resources of the given type used by the specific entity and all of its sub-entities in the hierarchy.


+-----------------------------------------------------------------------------------------------------------+
; User-Specified and Inferred Latches                                                                       ;
+----------------------------------------------------+-----------------------------+------------------------+
; Latch Name                                         ; Latch Enable Signal         ; Free of Timing Hazards ;
+----------------------------------------------------+-----------------------------+------------------------+
; conversorDisplay:CVR|display[0]                    ; conversorDisplay:CVR|Equal0 ; yes                    ;
; conversorDisplay:CVR|display[1]                    ; conversorDisplay:CVR|Equal0 ; yes                    ;
; conversorDisplay:CVR|display[2]                    ; conversorDisplay:CVR|Equal0 ; yes                    ;
; conversorDisplay:CVR|display[3]                    ; conversorDisplay:CVR|Equal0 ; yes                    ;
; conversorDisplay:CVR|display[4]                    ; conversorDisplay:CVR|Equal0 ; yes                    ;
; conversorDisplay:CVR|display[5]                    ; conversorDisplay:CVR|Equal0 ; yes                    ;
; conversorDisplay:CVR|display[6]                    ; conversorDisplay:CVR|Equal0 ; yes                    ;
; Number of user-specified and inferred latches = 7  ;                             ;                        ;
+----------------------------------------------------+-----------------------------+------------------------+
Note: All latches listed above may not be present at the end of synthesis due to various synthesis optimizations.


+------------------------------------------------------+
; General Register Statistics                          ;
+----------------------------------------------+-------+
; Statistic                                    ; Value ;
+----------------------------------------------+-------+
; Total registers                              ; 0     ;
; Number of registers using Synchronous Clear  ; 0     ;
; Number of registers using Synchronous Load   ; 0     ;
; Number of registers using Asynchronous Clear ; 0     ;
; Number of registers using Asynchronous Load  ; 0     ;
; Number of registers using Clock Enable       ; 0     ;
; Number of registers using Preset             ; 0     ;
+----------------------------------------------+-------+


+---------------------------------------------------------+
; Port Connectivity Checks: "subtracao:SB|diferenca:SUB0" ;
+------+-------+----------+-------------------------------+
; Port ; Type  ; Severity ; Details                       ;
+------+-------+----------+-------------------------------+
; bi   ; Input ; Info     ; Stuck at GND                  ;
+------+-------+----------+-------------------------------+


+------------------------------------------+
; Port Connectivity Checks: "subtracao:SB" ;
+------+-------+----------+----------------+
; Port ; Type  ; Severity ; Details        ;
+------+-------+----------+----------------+
; bi   ; Input ; Info     ; Stuck at GND   ;
+------+-------+----------+----------------+


+------------------------------------------------+
; Port Connectivity Checks: "soma:SO|somador:S0" ;
+------+-------+----------+----------------------+
; Port ; Type  ; Severity ; Details              ;
+------+-------+----------+----------------------+
; ci   ; Input ; Info     ; Stuck at GND         ;
+------+-------+----------+----------------------+


+----------------------------------------+
; Port Connectivity Checks: "soma:SO"    ;
+------+-------+----------+--------------+
; Port ; Type  ; Severity ; Details      ;
+------+-------+----------+--------------+
; ci   ; Input ; Info     ; Stuck at GND ;
+------+-------+----------+--------------+


+-------------------------------+
; Elapsed Time Per Partition    ;
+----------------+--------------+
; Partition Name ; Elapsed Time ;
+----------------+--------------+
; Top            ; 00:00:00     ;
+----------------+--------------+


+-------------------------------+
; Analysis & Synthesis Messages ;
+-------------------------------+
Info: *******************************************************************
Info: Running Quartus II 64-Bit Analysis & Synthesis
    Info: Version 13.0.0 Build 156 04/24/2013 SJ Web Edition
    Info: Processing started: Wed Apr 17 18:39:13 2019
Info: Command: quartus_map --read_settings_files=on --write_settings_files=off calculadoraVHDL -c calculadoraVHDL
Warning (20028): Parallel compilation is not licensed and has been disabled
Info (12021): Found 2 design units, including 1 entities, in source file somador.vhd
    Info (12022): Found design unit 1: somador-archSomador
    Info (12023): Found entity 1: somador
Info (12021): Found 2 design units, including 1 entities, in source file multiplexador.vhd
    Info (12022): Found design unit 1: multiplexador-archMultiplexador
    Info (12023): Found entity 1: multiplexador
Info (12021): Found 2 design units, including 1 entities, in source file soma.vhd
    Info (12022): Found design unit 1: soma-archSoma
    Info (12023): Found entity 1: soma
Info (12021): Found 2 design units, including 1 entities, in source file diferenca.vhd
    Info (12022): Found design unit 1: diferenca-archDiferenca
    Info (12023): Found entity 1: diferenca
Info (12021): Found 2 design units, including 1 entities, in source file subtracao.vhd
    Info (12022): Found design unit 1: subtracao-archSubtracao
    Info (12023): Found entity 1: subtracao
Info (12021): Found 2 design units, including 1 entities, in source file inversor.vhd
    Info (12022): Found design unit 1: inversor-archInversor
    Info (12023): Found entity 1: inversor
Info (12021): Found 2 design units, including 1 entities, in source file inverte.vhd
    Info (12022): Found design unit 1: inverte-archInverte
    Info (12023): Found entity 1: inverte
Info (12021): Found 2 design units, including 1 entities, in source file maior.vhd
    Info (12022): Found design unit 1: maior-archMaior
    Info (12023): Found entity 1: maior
Info (12021): Found 2 design units, including 1 entities, in source file menor.vhd
    Info (12022): Found design unit 1: menor-archMenor
    Info (12023): Found entity 1: menor
Info (12021): Found 2 design units, including 1 entities, in source file calculadora.vhd
    Info (12022): Found design unit 1: calculadora-archCalculadora
    Info (12023): Found entity 1: calculadora
Info (12021): Found 2 design units, including 1 entities, in source file conversordisplay.vhd
    Info (12022): Found design unit 1: conversorDisplay-archConversor
    Info (12023): Found entity 1: conversorDisplay
Info (12127): Elaborating entity "calculadora" for the top level hierarchy
Info (12128): Elaborating entity "soma" for hierarchy "soma:SO"
Info (12128): Elaborating entity "somador" for hierarchy "soma:SO|somador:S0"
Info (12128): Elaborating entity "subtracao" for hierarchy "subtracao:SB"
Info (12128): Elaborating entity "diferenca" for hierarchy "subtracao:SB|diferenca:SUB0"
Info (12128): Elaborating entity "inverte" for hierarchy "inverte:IV"
Info (12128): Elaborating entity "inversor" for hierarchy "inverte:IV|inversor:S0"
Info (12128): Elaborating entity "maior" for hierarchy "maior:MA"
Info (12128): Elaborating entity "menor" for hierarchy "menor:ME"
Info (12128): Elaborating entity "multiplexador" for hierarchy "multiplexador:MTP"
Info (12128): Elaborating entity "conversorDisplay" for hierarchy "conversorDisplay:CVR"
Warning (10541): VHDL Signal Declaration warning at conversorDisplay.vhd(17): used implicit default value for signal "ERRO" because signal was never assigned a value or an explicit default value. Use of implicit default value may introduce unintended design optimizations.
Warning (10541): VHDL Signal Declaration warning at conversorDisplay.vhd(17): used implicit default value for signal "OFF" because signal was never assigned a value or an explicit default value. Use of implicit default value may introduce unintended design optimizations.
Info (10041): Inferred latch for "display[0]" at conversorDisplay.vhd(40)
Info (10041): Inferred latch for "display[1]" at conversorDisplay.vhd(40)
Info (10041): Inferred latch for "display[2]" at conversorDisplay.vhd(40)
Info (10041): Inferred latch for "display[3]" at conversorDisplay.vhd(40)
Info (10041): Inferred latch for "display[4]" at conversorDisplay.vhd(40)
Info (10041): Inferred latch for "display[5]" at conversorDisplay.vhd(40)
Info (10041): Inferred latch for "display[6]" at conversorDisplay.vhd(40)
Warning (13012): Latch conversorDisplay:CVR|display[0] has unsafe behavior
    Warning (13013): Ports D and ENA on the latch are fed by the same signal x1[2]
Warning (13012): Latch conversorDisplay:CVR|display[1] has unsafe behavior
    Warning (13013): Ports D and ENA on the latch are fed by the same signal x1[2]
Warning (13012): Latch conversorDisplay:CVR|display[2] has unsafe behavior
    Warning (13013): Ports D and ENA on the latch are fed by the same signal x1[2]
Warning (13012): Latch conversorDisplay:CVR|display[3] has unsafe behavior
    Warning (13013): Ports D and ENA on the latch are fed by the same signal x1[2]
Warning (13012): Latch conversorDisplay:CVR|display[4] has unsafe behavior
    Warning (13013): Ports D and ENA on the latch are fed by the same signal x1[2]
Warning (13012): Latch conversorDisplay:CVR|display[5] has unsafe behavior
    Warning (13013): Ports D and ENA on the latch are fed by the same signal x1[2]
Warning (13012): Latch conversorDisplay:CVR|display[6] has unsafe behavior
    Warning (13013): Ports D and ENA on the latch are fed by the same signal x1[2]
Info (16010): Generating hard_block partition "hard_block:auto_generated_inst"
    Info (16011): Adding 0 node(s), including 0 DDIO, 0 PLL, 0 transceiver and 0 LCELL
Info (21057): Implemented 68 device resources after synthesis - the final resource count might be different
    Info (21058): Implemented 12 input pins
    Info (21059): Implemented 8 output pins
    Info (21061): Implemented 48 logic cells
Info: Quartus II 64-Bit Analysis & Synthesis was successful. 0 errors, 17 warnings
    Info: Peak virtual memory: 4665 megabytes
    Info: Processing ended: Wed Apr 17 18:39:17 2019
    Info: Elapsed time: 00:00:04
    Info: Total CPU time (on all processors): 00:00:04


